0 info it worked if it ends with ok
1 verbose cli [ 'node', '/usr/local/bin/npm', 'login' ]
2 info using npm@2.1.18
3 info using node@v0.10.32
4 verbose adduser before first PUT { _id: 'org.couchdb.user:clintonhalpin',
4 verbose adduser   name: 'clintonhalpin',
4 verbose adduser   password: 'XXXXX',
4 verbose adduser   email: 'clintonhalpin@gmail.com',
4 verbose adduser   type: 'user',
4 verbose adduser   roles: [],
4 verbose adduser   date: '2015-01-20T01:41:53.402Z' }
5 verbose request uri https://registry.npmjs.org/-/user/org.couchdb.user:clintonhalpin
6 verbose request new user, so can't send auth
7 info attempt registry request try #1 at 20:41:53
8 verbose request id 56147e9cd65d1290
9 http request PUT https://registry.npmjs.org/-/user/org.couchdb.user:clintonhalpin
10 http 409 https://registry.npmjs.org/-/user/org.couchdb.user:clintonhalpin
11 verbose headers { date: 'Tue, 20 Jan 2015 01:41:53 GMT',
11 verbose headers   server: 'CouchDB/1.5.0 (Erlang OTP/R16B03)',
11 verbose headers   'content-type': 'application/json',
11 verbose headers   'cache-control': 'max-age=60',
11 verbose headers   'content-length': '58',
11 verbose headers   'accept-ranges': 'bytes',
11 verbose headers   via: '1.1 varnish',
11 verbose headers   'x-served-by': 'cache-iad2149-IAD',
11 verbose headers   'x-cache': 'MISS',
11 verbose headers   'x-cache-hits': '0',
11 verbose headers   'x-timer': 'S1421718113.647259,VS0,VE313',
11 verbose headers   'keep-alive': 'timeout=10, max=50',
11 verbose headers   connection: 'Keep-Alive' }
12 verbose request invalidating /Users/clintonhalpin/.npm/registry.npmjs.org/-/user/org.couchdb.user_3Aclintonhalpin on PUT
13 verbose adduser update existing user
14 verbose request uri https://registry.npmjs.org/-/user/org.couchdb.user:clintonhalpin?write=true
15 verbose request sending authorization for write operation
16 info attempt registry request try #1 at 20:41:53
17 http request GET https://registry.npmjs.org/-/user/org.couchdb.user:clintonhalpin?write=true
18 http 200 https://registry.npmjs.org/-/user/org.couchdb.user:clintonhalpin?write=true
19 verbose adduser userobj { _id: 'org.couchdb.user:clintonhalpin',
19 verbose adduser   name: 'clintonhalpin',
19 verbose adduser   password: 'XXXXX',
19 verbose adduser   email: 'clintonhalpin@gmail.com',
19 verbose adduser   type: 'user',
19 verbose adduser   roles: [],
19 verbose adduser   date: '2015-01-20T01:41:53.402Z' }
20 verbose request uri https://registry.npmjs.org/-/user/org.couchdb.user:clintonhalpin/-rev/1-df30b487e67d903905a814845e874766
21 verbose request updating existing user; sending authorization
22 info attempt registry request try #1 at 20:41:54
23 http request PUT https://registry.npmjs.org/-/user/org.couchdb.user:clintonhalpin/-rev/1-df30b487e67d903905a814845e874766
24 http 403 https://registry.npmjs.org/-/user/org.couchdb.user:clintonhalpin/-rev/1-df30b487e67d903905a814845e874766
25 verbose headers { date: 'Tue, 20 Jan 2015 01:41:54 GMT',
25 verbose headers   server: 'CouchDB/1.5.0 (Erlang OTP/R16B03)',
25 verbose headers   'content-type': 'application/json',
25 verbose headers   'cache-control': 'max-age=60',
25 verbose headers   'content-length': '203',
25 verbose headers   'accept-ranges': 'bytes',
25 verbose headers   via: '1.1 varnish',
25 verbose headers   'x-served-by': 'cache-iad2132-IAD',
25 verbose headers   'x-cache': 'MISS',
25 verbose headers   'x-cache-hits': '0',
25 verbose headers   'x-timer': 'S1421718114.554965,VS0,VE83',
25 verbose headers   'keep-alive': 'timeout=10, max=50',
25 verbose headers   connection: 'Keep-Alive' }
26 verbose request invalidating /Users/clintonhalpin/.npm/registry.npmjs.org/-/user/org.couchdb.user_3Aclintonhalpin on PUT
27 verbose adduser back [ { [Error: forbidden may not mix password_sha and pbkdf2
27 verbose adduser   You may need to upgrade your version of npm:
27 verbose adduser     npm install npm -g
27 verbose adduser   Note that this may need to be run as root/admin (sudo, etc.)
27 verbose adduser
27 verbose adduser   : -/user/org.couchdb.user:clintonhalpin/-rev/1-df30b487e67d903905a814845e874766] statusCode: 403, code: 'E403' },
27 verbose adduser   { error: 'forbidden',
27 verbose adduser     reason: 'may not mix password_sha and pbkdf2\nYou may need to upgrade your version of npm:\n  npm install npm -g\nNote that this may need to be run as root/admin (sudo, etc.)\n\n' },
27 verbose adduser   '{"error":"forbidden","reason":"may not mix password_sha and pbkdf2\\nYou may need to upgrade your version of npm:\\n  npm install npm -g\\nNote that this may need to be run as root/admin (sudo, etc.)\\n\\n"}' ]
28 warn adduser Incorrect username or password
28 warn adduser You can reset your account by visiting:
28 warn adduser
28 warn adduser     https://npmjs.org/forgot
29 verbose stack Error: forbidden may not mix password_sha and pbkdf2
29 verbose stack You may need to upgrade your version of npm:
29 verbose stack   npm install npm -g
29 verbose stack Note that this may need to be run as root/admin (sudo, etc.)
29 verbose stack
29 verbose stack : -/user/org.couchdb.user:clintonhalpin/-rev/1-df30b487e67d903905a814845e874766
29 verbose stack     at CachingRegistryClient.<anonymous> (/usr/local/lib/node_modules/npm/node_modules/npm-registry-client/lib/request.js:244:14)
29 verbose stack     at Request._callback (/usr/local/lib/node_modules/npm/node_modules/npm-registry-client/lib/request.js:172:14)
29 verbose stack     at Request.self.callback (/usr/local/lib/node_modules/npm/node_modules/request/request.js:373:22)
29 verbose stack     at Request.emit (events.js:98:17)
29 verbose stack     at Request.<anonymous> (/usr/local/lib/node_modules/npm/node_modules/request/request.js:1318:14)
29 verbose stack     at Request.emit (events.js:117:20)
29 verbose stack     at IncomingMessage.<anonymous> (/usr/local/lib/node_modules/npm/node_modules/request/request.js:1266:12)
29 verbose stack     at IncomingMessage.emit (events.js:117:20)
29 verbose stack     at _stream_readable.js:943:16
29 verbose stack     at process._tickCallback (node.js:419:13)
30 verbose statusCode 403
31 verbose cwd /Users/clintonhalpin/Sites/opensource/simple-debug.css
32 error Darwin 14.0.0
33 error argv "node" "/usr/local/bin/npm" "login"
34 error node v0.10.32
35 error npm  v2.1.18
36 error code E403
37 error forbidden may not mix password_sha and pbkdf2
37 error You may need to upgrade your version of npm:
37 error   npm install npm -g
37 error Note that this may need to be run as root/admin (sudo, etc.)
37 error
37 error : -/user/org.couchdb.user:clintonhalpin/-rev/1-df30b487e67d903905a814845e874766
38 error If you need help, you may report this error at:
38 error     <http://github.com/npm/npm/issues>
39 verbose exit [ 1, true ]
